<?xml version="1.0" encoding="UTF-8"?>
<testng-results skipped="0" failed="0" ignored="0" total="1" passed="1">
  <reporter-output>
    <line>
      <![CDATA[STEP1]]>
    </line>
    <line>
      <![CDATA[STEP2]]>
    </line>
    <line>
      <![CDATA[STEP3]]>
    </line>
    <line>
      <![CDATA[STEP4]]>
    </line>
    <line>
      <![CDATA[STEP5]]>
    </line>
    <line>
      <![CDATA[STEP6]]>
    </line>
    <line>
      <![CDATA[STEP7]]>
    </line>
  </reporter-output>
  <suite name="Suite" duration-ms="4202" started-at="2018-12-28T14:46:30Z" finished-at="2018-12-28T14:46:34Z">
    <groups>
    </groups>
    <test name="Test" duration-ms="4202" started-at="2018-12-28T14:46:30Z" finished-at="2018-12-28T14:46:34Z">
      <class name="mytestcases.LoginValidation">
        <test-method status="PASS" signature="preConditions()[pri:0, instance:mytestcases.LoginValidation@7dc304]" name="preConditions" is-config="true" duration-ms="33008" started-at="2018-12-28T14:45:57Z" finished-at="2018-12-28T14:46:30Z">
          <reporter-output>
            <line>
              <![CDATA[STEP1]]>
            </line>
            <line>
              <![CDATA[STEP2]]>
            </line>
          </reporter-output>
        </test-method> <!-- preConditions -->
        <test-method status="PASS" signature="testUserLogin()[pri:0, instance:mytestcases.LoginValidation@7dc304]" name="testUserLogin" duration-ms="4084" started-at="2018-12-28T14:46:30Z" finished-at="2018-12-28T14:46:34Z">
          <reporter-output>
            <line>
              <![CDATA[STEP3]]>
            </line>
            <line>
              <![CDATA[STEP4]]>
            </line>
            <line>
              <![CDATA[STEP5]]>
            </line>
            <line>
              <![CDATA[STEP6]]>
            </line>
            <line>
              <![CDATA[STEP7]]>
            </line>
          </reporter-output>
        </test-method> <!-- testUserLogin -->
      </class> <!-- mytestcases.LoginValidation -->
    </test> <!-- Test -->
  </suite> <!-- Suite -->
</testng-results>
