<?xml version="1.0" encoding="UTF-8"?>
<testng-results skipped="0" failed="0" ignored="0" total="1" passed="1">
  <reporter-output>
    <line>
      <![CDATA[STEP1]]>
    </line>
    <line>
      <![CDATA[STEP2]]>
    </line>
    <line>
      <![CDATA[STEP3]]>
    </line>
    <line>
      <![CDATA[STEP4]]>
    </line>
    <line>
      <![CDATA[STEP5]]>
    </line>
    <line>
      <![CDATA[STEP6]]>
    </line>
    <line>
      <![CDATA[STEP7]]>
    </line>
  </reporter-output>
  <suite name="Suite" duration-ms="7402" started-at="2018-12-20T15:18:03Z" finished-at="2018-12-20T15:18:10Z">
    <groups>
    </groups>
    <test name="Test" duration-ms="7402" started-at="2018-12-20T15:18:03Z" finished-at="2018-12-20T15:18:10Z">
      <class name="mytestcases.LoginValidation">
        <test-method status="PASS" signature="preConditions()[pri:0, instance:mytestcases.LoginValidation@7dc304]" name="preConditions" is-config="true" duration-ms="45629" started-at="2018-12-20T15:17:17Z" finished-at="2018-12-20T15:18:03Z">
          <reporter-output>
            <line>
              <![CDATA[STEP1]]>
            </line>
            <line>
              <![CDATA[STEP2]]>
            </line>
          </reporter-output>
        </test-method> <!-- preConditions -->
        <test-method status="PASS" signature="testUserLogin()[pri:0, instance:mytestcases.LoginValidation@7dc304]" name="testUserLogin" duration-ms="7216" started-at="2018-12-20T15:18:03Z" finished-at="2018-12-20T15:18:10Z">
          <reporter-output>
            <line>
              <![CDATA[STEP3]]>
            </line>
            <line>
              <![CDATA[STEP4]]>
            </line>
            <line>
              <![CDATA[STEP5]]>
            </line>
            <line>
              <![CDATA[STEP6]]>
            </line>
            <line>
              <![CDATA[STEP7]]>
            </line>
          </reporter-output>
        </test-method> <!-- testUserLogin -->
      </class> <!-- mytestcases.LoginValidation -->
    </test> <!-- Test -->
  </suite> <!-- Suite -->
</testng-results>
